<?xml version="1.0" encoding="UTF-8"?>
<!-- Generated by org.testng.reporters.JUnitReportReporter -->
<testsuite skipped="0" hostname="tOMARdHARAM" name="mPortalRegression_TestPages.RiskMgt_Test" tests="1" failures="0" timestamp="08 Feb 2019 03:34:15 GMT" time="0.197" errors="0">
  <testcase name="riskmgt" time="0.197" classname="mPortalRegression_TestPages.RiskMgt_Test"/>
</testsuite> <!-- mPortalRegression_TestPages.RiskMgt_Test -->
