<?xml version="1.0" encoding="UTF-8"?>
<!-- Generated by org.testng.reporters.JUnitReportReporter -->
<testsuite skipped="0" hostname="tOMARdHARAM" name="mPortalReggression_TestPages.CardTxnReport_Test" tests="1" failures="0" timestamp="07 Feb 2019 03:36:19 GMT" time="3.545" errors="0">
  <testcase name="downloadcardreports" time="3.545" classname="mPortalReggression_TestPages.CardTxnReport_Test"/>
</testsuite> <!-- mPortalReggression_TestPages.CardTxnReport_Test -->
