<?xml version="1.0" encoding="UTF-8"?>
<!-- Generated by org.testng.reporters.JUnitReportReporter -->
<testsuite skipped="0" hostname="tOMARdHARAM" name="mPortalReggression_TestPages.Homepage_Test" tests="1" failures="0" timestamp="06 Feb 2019 03:22:22 GMT" time="0.627" errors="0">
  <testcase name="merchantHome" time="0.627" classname="mPortalReggression_TestPages.Homepage_Test"/>
</testsuite> <!-- mPortalReggression_TestPages.Homepage_Test -->
