<?xml version="1.0" encoding="UTF-8"?>
<!-- Generated by org.testng.reporters.JUnitReportReporter -->
<testsuite skipped="0" hostname="tOMARdHARAM" name="mPortalRegression_TestPages.MerchantProfile_Test" tests="1" failures="0" timestamp="18 Feb 2019 03:45:38 GMT" time="1.305" errors="0">
  <testcase name="profiletest" time="1.305" classname="mPortalRegression_TestPages.MerchantProfile_Test"/>
</testsuite> <!-- mPortalRegression_TestPages.MerchantProfile_Test -->
