<?xml version="1.0" encoding="UTF-8"?>
<!-- Generated by org.testng.reporters.JUnitReportReporter -->
<testsuite skipped="0" hostname="tOMARdHARAM" name="mPortalRegression_TestPages.MerchantProfile_Test" tests="1" failures="0" timestamp="08 Feb 2019 03:34:15 GMT" time="2.399" errors="0">
  <testcase name="profiletest" time="2.399" classname="mPortalRegression_TestPages.MerchantProfile_Test"/>
</testsuite> <!-- mPortalRegression_TestPages.MerchantProfile_Test -->
