<?xml version="1.0" encoding="UTF-8"?>
<!-- Generated by org.testng.reporters.JUnitReportReporter -->
<testsuite skipped="0" hostname="tOMARdHARAM" name="mPortalRegression_TestPages.TxnList_Test" tests="1" failures="0" timestamp="12 Feb 2019 18:36:49 GMT" time="0.972" errors="0">
  <testcase name="testtxnlist" time="0.972" classname="mPortalRegression_TestPages.TxnList_Test"/>
</testsuite> <!-- mPortalRegression_TestPages.TxnList_Test -->
