<?xml version="1.0" encoding="UTF-8"?>
<!-- Generated by org.testng.reporters.JUnitReportReporter -->
<testsuite skipped="0" hostname="tOMARdHARAM" name="mPortalRegression_TestPages.WalletTxnReport_Test" tests="1" failures="0" timestamp="12 Feb 2019 18:36:49 GMT" time="0.146" errors="0">
  <testcase name="walletreport" time="0.146" classname="mPortalRegression_TestPages.WalletTxnReport_Test"/>
</testsuite> <!-- mPortalRegression_TestPages.WalletTxnReport_Test -->
