<?xml version="1.0" encoding="UTF-8"?>
<!-- Generated by org.testng.reporters.JUnitReportReporter -->
<testsuite skipped="0" hostname="tOMARdHARAM" name="mPortalRegression_TestPages.Loyalty_Test" tests="1" failures="0" timestamp="12 Feb 2019 18:36:49 GMT" time="0.792" errors="0">
  <testcase name="loyaltytest" time="0.792" classname="mPortalRegression_TestPages.Loyalty_Test"/>
</testsuite> <!-- mPortalRegression_TestPages.Loyalty_Test -->
