<?xml version="1.0" encoding="UTF-8"?>
<!-- Generated by org.testng.reporters.JUnitReportReporter -->
<testsuite skipped="0" hostname="tOMARdHARAM" name="mPortalRegression_TestPages.Homepage_Test" tests="1" failures="0" timestamp="21 Feb 2019 02:51:45 GMT" time="0.078" errors="0">
  <testcase name="merchantHome" time="0.078" classname="mPortalRegression_TestPages.Homepage_Test"/>
</testsuite> <!-- mPortalRegression_TestPages.Homepage_Test -->
