<?xml version="1.0" encoding="UTF-8"?>
<!-- Generated by org.testng.reporters.JUnitReportReporter -->
<testsuite skipped="0" hostname="tOMARdHARAM" name="mPortalRegression_TestPages.CashTxnReport_Test" tests="1" failures="0" timestamp="12 Feb 2019 18:36:49 GMT" time="1.222" errors="0">
  <testcase name="downloadcashreport" time="1.222" classname="mPortalRegression_TestPages.CashTxnReport_Test"/>
</testsuite> <!-- mPortalRegression_TestPages.CashTxnReport_Test -->
