<?xml version="1.0" encoding="UTF-8"?>
<!-- Generated by org.testng.reporters.JUnitReportReporter -->
<testsuite skipped="0" hostname="tOMARdHARAM" name="mPortalRegression_TestPages.MerchantProfile_Test" tests="1" failures="0" timestamp="21 Feb 2019 02:51:45 GMT" time="1.677" errors="0">
  <testcase name="profiletest" time="1.677" classname="mPortalRegression_TestPages.MerchantProfile_Test"/>
</testsuite> <!-- mPortalRegression_TestPages.MerchantProfile_Test -->
